SLURM_JOBID:         41797385
SLURM_ARRAY_TASK_ID: 
SLURM_ARRAY_JOB_ID:  
CUDA device count:
2
New https://pypi.org/project/ultralytics/8.4.8 available 😃 Update with 'pip install -U ultralytics'
Ultralytics 8.3.91 🚀 Python-3.12.11 torch-2.7.1+cu126 CUDA:0 (NVIDIA A100 80GB PCIe, 81051MiB)
[34m[1mengine/trainer: [0mtask=detect, mode=train, model=yolo11s.pt, data=./custom_joined.yaml, epochs=20, time=None, patience=100, batch=32, imgsz=3548, save=True, save_period=-1, cache=False, device=None, workers=8, project=/albedo/work/projects/p_OZA_AI/YOLO/runs/biodcase_baseline, name=train2, exist_ok=False, pretrained=True, optimizer=auto, verbose=True, seed=0, deterministic=True, single_cls=False, rect=True, cos_lr=False, close_mosaic=10, resume=False, amp=True, fraction=1.0, profile=False, freeze=None, multi_scale=False, overlap_mask=True, mask_ratio=4, dropout=0.0, val=True, split=val, save_json=False, save_hybrid=False, conf=None, iou=0.3, max_det=300, half=False, dnn=False, plots=True, source=None, vid_stride=1, stream_buffer=False, visualize=False, augment=False, agnostic_nms=False, classes=None, retina_masks=False, embed=None, show=False, save_frames=False, save_txt=False, save_conf=False, save_crop=False, show_labels=True, show_conf=True, show_boxes=True, line_width=None, format=torchscript, keras=False, optimize=False, int8=False, dynamic=False, simplify=True, opset=None, workspace=None, nms=False, lr0=0.01, lrf=0.01, momentum=0.937, weight_decay=0.0005, warmup_epochs=3.0, warmup_momentum=0.8, warmup_bias_lr=0.1, box=7.5, cls=0.5, dfl=1.5, pose=12.0, kobj=1.0, nbs=64, hsv_h=0.015, hsv_s=0, hsv_v=0, degrees=0, translate=0, scale=0, shear=0, perspective=0, flipud=0, fliplr=0, bgr=0, mosaic=0, mixup=0, copy_paste=0, copy_paste_mode=flip, auto_augment=randaugment, erasing=0, crop_fraction=0, cfg=None, tracker=botsort.yaml, save_dir=/albedo/work/projects/p_OZA_AI/YOLO/runs/biodcase_baseline/train2
Overriding model.yaml nc=80 with nc=3

                   from  n    params  module                                       arguments                     
  0                  -1  1       928  ultralytics.nn.modules.conv.Conv             [3, 32, 3, 2]                 
  1                  -1  1     18560  ultralytics.nn.modules.conv.Conv             [32, 64, 3, 2]                
  2                  -1  1     26080  ultralytics.nn.modules.block.C3k2            [64, 128, 1, False, 0.25]     
  3                  -1  1    147712  ultralytics.nn.modules.conv.Conv             [128, 128, 3, 2]              
  4                  -1  1    103360  ultralytics.nn.modules.block.C3k2            [128, 256, 1, False, 0.25]    
  5                  -1  1    590336  ultralytics.nn.modules.conv.Conv             [256, 256, 3, 2]              
  6                  -1  1    346112  ultralytics.nn.modules.block.C3k2            [256, 256, 1, True]           
  7                  -1  1   1180672  ultralytics.nn.modules.conv.Conv             [256, 512, 3, 2]              
  8                  -1  1   1380352  ultralytics.nn.modules.block.C3k2            [512, 512, 1, True]           
  9                  -1  1    656896  ultralytics.nn.modules.block.SPPF            [512, 512, 5]                 
 10                  -1  1    990976  ultralytics.nn.modules.block.C2PSA           [512, 512, 1]                 
 11                  -1  1         0  torch.nn.modules.upsampling.Upsample         [None, 2, 'nearest']          
 12             [-1, 6]  1         0  ultralytics.nn.modules.conv.Concat           [1]                           
 13                  -1  1    443776  ultralytics.nn.modules.block.C3k2            [768, 256, 1, False]          
 14                  -1  1         0  torch.nn.modules.upsampling.Upsample         [None, 2, 'nearest']          
 15             [-1, 4]  1         0  ultralytics.nn.modules.conv.Concat           [1]                           
 16                  -1  1    127680  ultralytics.nn.modules.block.C3k2            [512, 128, 1, False]          
 17                  -1  1    147712  ultralytics.nn.modules.conv.Conv             [128, 128, 3, 2]              
 18            [-1, 13]  1         0  ultralytics.nn.modules.conv.Concat           [1]                           
 19                  -1  1    345472  ultralytics.nn.modules.block.C3k2            [384, 256, 1, False]          
 20                  -1  1    590336  ultralytics.nn.modules.conv.Conv             [256, 256, 3, 2]              
 21            [-1, 10]  1         0  ultralytics.nn.modules.conv.Concat           [1]                           
 22                  -1  1   1511424  ultralytics.nn.modules.block.C3k2            [768, 512, 1, True]           
 23        [16, 19, 22]  1    820569  ultralytics.nn.modules.head.Detect           [3, [128, 256, 512]]          
YOLO11s summary: 181 layers, 9,428,953 parameters, 9,428,937 gradients, 21.6 GFLOPs

Transferred 493/499 items from pretrained weights
WARNING ⚠️ Comet installed but not initialized correctly, not logging this run. Comet.ml requires an API key. Please provide as the first argument to Experiment(api_key) or as an environment variable named COMET_API_KEY 
Freezing layer 'model.23.dfl.conv.weight'
[34m[1mAMP: [0mrunning Automatic Mixed Precision (AMP) checks...
Downloading https://github.com/ultralytics/assets/releases/download/v8.3.0/yolo11n.pt to 'yolo11n.pt'...
[34m[1mAMP: [0mchecks passed ✅
WARNING ⚠️ imgsz=[3548] must be multiple of max stride 32, updating to [3552]
[34m[1mtrain: [0mNew cache created: /albedo/work/projects/p_OZA_AI/YOLO/Data/train/labels.cache
WARNING ⚠️ 'rect=True' is incompatible with DataLoader shuffle, setting shuffle=False
